<?xml version="1.0" encoding="UTF-8" ?>
<testsuite tests="2" failures="1" name="TestSuite" time="55.944" errors="0" skipped="0">
  <properties>
[...]
</properties>
  <testcase classname="com.playphone.msports.AccountLoginInvalidTest" name="testUntitled" time="11.188"/>
  <testcase classname="com.playphone.msports.SignUpNegativeTest" name="testUntitled3" time="44.756">
    <failure message="Unable to locate element: *[name=&apos;email&apos;]
For documentation on this error, please visit: http://seleniumhq.org/exceptions/no_such_element.html
Build info: version: &apos;3.0.1&apos;, revision: &apos;1969d75&apos;, time: &apos;2016-10-18 09:49:13 -0700&apos;
System info: host: &apos;Siddharth-mbpr.local&apos;, ip: &apos;172.16.1.118&apos;, os.name: &apos;Mac OS X&apos;, os.arch: &apos;x86_64&apos;, os.version: &apos;10.11.6&apos;, java.version: &apos;1.8.0_112&apos;
Driver info: org.openqa.selenium.firefox.FirefoxDriver
Capabilities [{rotatable=false, raisesAccessibilityExceptions=false, marionette=true, firefoxOptions={args=[], prefs={}}, appBuildId=20160726073904, version=, platform=MAC, proxy={}, command_id=1, specificationLevel=0, acceptSslCerts=false, browserVersion=48.0, platformVersion=15.6.0, XULappId={ec8030f7-c20a-464f-9b0e-13a3a9e97384}, browserName=Firefox, takesScreenshot=true, takesElementScreenshot=true, platformName=Darwin, device=desktop}]
Session ID: 82c7e9ae-3bf1-0747-9bb8-54cdd899f956
*** Element info: {Using=name, value=email}" type="org.openqa.selenium.NoSuchElementException">org.openqa.selenium.NoSuchElementException: Unable to locate element: *[name=&apos;email&apos;]
For documentation on this error, please visit: http://seleniumhq.org/exceptions/no_such_element.html
Build info: version: &apos;3.0.1&apos;, revision: &apos;1969d75&apos;, time: &apos;2016-10-18 09:49:13 -0700&apos;
System info: host: &apos;Siddharth-mbpr.local&apos;, ip: &apos;172.16.1.118&apos;, os.name: &apos;Mac OS X&apos;, os.arch: &apos;x86_64&apos;, os.version: &apos;10.11.6&apos;, java.version: &apos;1.8.0_112&apos;
Driver info: org.openqa.selenium.firefox.FirefoxDriver
Capabilities [{rotatable=false, raisesAccessibilityExceptions=false, marionette=true, firefoxOptions={args=[], prefs={}}, appBuildId=20160726073904, version=, platform=MAC, proxy={}, command_id=1, specificationLevel=0, acceptSslCerts=false, browserVersion=48.0, platformVersion=15.6.0, XULappId={ec8030f7-c20a-464f-9b0e-13a3a9e97384}, browserName=Firefox, takesScreenshot=true, takesElementScreenshot=true, platformName=Darwin, device=desktop}]
Session ID: 82c7e9ae-3bf1-0747-9bb8-54cdd899f956
*** Element info: {Using=name, value=email}
	at sun.reflect.NativeConstructorAccessorImpl.newInstance0(Native Method)
	at sun.reflect.NativeConstructorAccessorImpl.newInstance(NativeConstructorAccessorImpl.java:62)
	at sun.reflect.DelegatingConstructorAccessorImpl.newInstance(DelegatingConstructorAccessorImpl.java:45)
	at java.lang.reflect.Constructor.newInstance(Constructor.java:423)
	at org.openqa.selenium.remote.http.W3CHttpResponseCodec.createException(W3CHttpResponseCodec.java:127)
	at org.openqa.selenium.remote.http.W3CHttpResponseCodec.decode(W3CHttpResponseCodec.java:93)
	at org.openqa.selenium.remote.http.W3CHttpResponseCodec.decode(W3CHttpResponseCodec.java:42)
	at org.openqa.selenium.remote.HttpCommandExecutor.execute(HttpCommandExecutor.java:163)
	at org.openqa.selenium.remote.service.DriverCommandExecutor.execute(DriverCommandExecutor.java:82)
	at org.openqa.selenium.remote.RemoteWebDriver.execute(RemoteWebDriver.java:601)
	at org.openqa.selenium.remote.RemoteWebDriver.findElement(RemoteWebDriver.java:368)
	at org.openqa.selenium.remote.RemoteWebDriver.findElementByName(RemoteWebDriver.java:449)
	at org.openqa.selenium.By$ByName.findElement(By.java:303)
	at org.openqa.selenium.remote.RemoteWebDriver.findElement(RemoteWebDriver.java:360)
	at com.playphone.msports.SignUpNegativeTest.testUntitled3(SignUpNegativeTest.java:34)
</failure>
    <system-err>1487033038347	geckodriver	INFO	Listening on 127.0.0.1:2388
Feb 13, 2017 4:43:58 PM org.openqa.selenium.remote.ProtocolHandshake createSession
INFO: Attempting bi-dialect session, assuming Postel&apos;s Law holds true on the remote end
1487033038483	mozprofile::profile	INFO	Using profile path /var/folders/r5/w12xjt311ndf0vvdz9v5tzh00000gp/T/rust_mozprofile.X6WjiTA7xGVh
1487033038485	geckodriver::marionette	INFO	Starting browser /Applications/Firefox.app/Contents/MacOS/firefox-bin
1487033038487	geckodriver::marionette	INFO	Connecting to Marionette on localhost:52581
1487033039053	Marionette	INFO	Listening on port 52581
1487033040181	Marionette	INFO	startBrowser 82c7e9ae-3bf1-0747-9bb8-54cdd899f956
1487033040194	Marionette	INFO	sendAsync 82c7e9ae-3bf1-0747-9bb8-54cdd899f956
Feb 13, 2017 4:44:00 PM org.openqa.selenium.remote.ProtocolHandshake createSession
INFO: Detected dialect: W3C
1487033040389	Marionette	INFO	sendAsync 82c7e9ae-3bf1-0747-9bb8-54cdd899f956
1487033047968	Marionette	INFO	sendAsync 82c7e9ae-3bf1-0747-9bb8-54cdd899f956
1487033047977	Marionette	INFO	sendAsync 82c7e9ae-3bf1-0747-9bb8-54cdd899f956
1487033051103	Marionette	INFO	sendAsync 82c7e9ae-3bf1-0747-9bb8-54cdd899f956
1487033051109	Marionette	INFO	sendAsync 82c7e9ae-3bf1-0747-9bb8-54cdd899f956
1487033054521	Marionette	INFO	sendAsync 82c7e9ae-3bf1-0747-9bb8-54cdd899f956
</system-err>
  </testcase>
</testsuite>